{"/Users/hongru/Work/github/Example-Travis-CI/src/speak.js":{"path":"/Users/hongru/Work/github/Example-Travis-CI/src/speak.js","s":{"1":1,"2":12,"3":3,"4":3,"5":3,"6":13,"7":3},"b":{},"f":{"1":12,"2":3},"fnMap":{"1":{"name":"(anonymous_1)","line":2,"loc":{"start":{"line":2,"column":12},"end":{"line":2,"column":25}}},"2":{"name":"(anonymous_2)","line":5,"loc":{"start":{"line":5,"column":10},"end":{"line":5,"column":22}}}},"statementMap":{"1":{"start":{"line":1,"column":0},"end":{"line":11,"column":1}},"2":{"start":{"line":3,"column":8},"end":{"line":3,"column":85}},"3":{"start":{"line":6,"column":8},"end":{"line":6,"column":47}},"4":{"start":{"line":7,"column":8},"end":{"line":7,"column":23}},"5":{"start":{"line":8,"column":8},"end":{"line":8,"column":41}},"6":{"start":{"line":8,"column":32},"end":{"line":8,"column":41}},"7":{"start":{"line":9,"column":8},"end":{"line":9,"column":19}}},"branchMap":{}}}